<?xml version="1.0" encoding="UTF-8"?>
<!-- Generated by org.testng.reporters.JUnitReportReporter -->
<testsuite skipped="0" hostname="ssvgc" name="com.actitime.tests.InvalidLogin" tests="1" failures="0" timestamp="22 Sep 2017 01:47:37 GMT" time="24.625" errors="0">
  <testcase name="testInvalidLogin" time="24.625" classname="com.actitime.tests.InvalidLogin"/>
</testsuite> <!-- com.actitime.tests.InvalidLogin -->
